2024-10-16T10:41:37.258+05:30  INFO 7020 --- [ElectronicsStore] [main] c.e.s.e.ElectronicsStoreApplication      : Starting ElectronicsStoreApplication using Java 17.0.12 with PID 7020 (C:\workspace\ElectronicsStore\ElectronicsStore\target\classes started by A4 in C:\workspace\ElectronicsStore\ElectronicsStore)
2024-10-16T10:41:37.261+05:30  INFO 7020 --- [ElectronicsStore] [main] c.e.s.e.ElectronicsStoreApplication      : No active profile set, falling back to 1 default profile: "default"
2024-10-16T10:41:37.856+05:30  INFO 7020 --- [ElectronicsStore] [main] .s.d.r.c.RepositoryConfigurationDelegate : Bootstrapping Spring Data JPA repositories in DEFAULT mode.
2024-10-16T10:41:37.874+05:30  INFO 7020 --- [ElectronicsStore] [main] .s.d.r.c.RepositoryConfigurationDelegate : Finished Spring Data repository scanning in 10 ms. Found 0 JPA repository interfaces.
2024-10-16T10:41:38.391+05:30  INFO 7020 --- [ElectronicsStore] [main] o.s.b.w.embedded.tomcat.TomcatWebServer  : Tomcat initialized with port 9091 (http)
2024-10-16T10:41:38.401+05:30  INFO 7020 --- [ElectronicsStore] [main] o.apache.catalina.core.StandardService   : Starting service [Tomcat]
2024-10-16T10:41:38.401+05:30  INFO 7020 --- [ElectronicsStore] [main] o.apache.catalina.core.StandardEngine    : Starting Servlet engine: [Apache Tomcat/10.1.30]
2024-10-16T10:41:38.453+05:30  INFO 7020 --- [ElectronicsStore] [main] o.a.c.c.C.[Tomcat].[localhost].[/]       : Initializing Spring embedded WebApplicationContext
2024-10-16T10:41:38.453+05:30  INFO 7020 --- [ElectronicsStore] [main] w.s.c.ServletWebServerApplicationContext : Root WebApplicationContext: initialization completed in 1129 ms
2024-10-16T10:41:38.506+05:30 ERROR 7020 --- [ElectronicsStore] [main] com.zaxxer.hikari.HikariConfig           : Failed to load driver class com.mysql.cj.jdbc.Driver from HikariConfig class classloader jdk.internal.loader.ClassLoaders$AppClassLoader@1d44bcfa
2024-10-16T10:41:38.508+05:30  WARN 7020 --- [ElectronicsStore] [main] ConfigServletWebServerApplicationContext : Exception encountered during context initialization - cancelling refresh attempt: org.springframework.beans.factory.BeanCreationException: Error creating bean with name 'entityManagerFactory' defined in class path resource [org/springframework/boot/autoconfigure/orm/jpa/HibernateJpaConfiguration.class]: Failed to initialize dependency 'dataSourceScriptDatabaseInitializer' of LoadTimeWeaverAware bean 'entityManagerFactory': Error creating bean with name 'dataSourceScriptDatabaseInitializer' defined in class path resource [org/springframework/boot/autoconfigure/sql/init/DataSourceInitializationConfiguration.class]: Unsatisfied dependency expressed through method 'dataSourceScriptDatabaseInitializer' parameter 0: Error creating bean with name 'dataSource' defined in class path resource [org/springframework/boot/autoconfigure/jdbc/DataSourceConfiguration$Hikari.class]: Failed to instantiate [com.zaxxer.hikari.HikariDataSource]: Factory method 'dataSource' threw exception with message: Failed to load driver class com.mysql.cj.jdbc.Driver in either of HikariConfig class loader or Thread context classloader
2024-10-16T10:41:38.511+05:30  INFO 7020 --- [ElectronicsStore] [main] o.apache.catalina.core.StandardService   : Stopping service [Tomcat]
2024-10-16T10:41:38.528+05:30  INFO 7020 --- [ElectronicsStore] [main] .s.b.a.l.ConditionEvaluationReportLogger : 

Error starting ApplicationContext. To display the condition evaluation report re-run your application with 'debug' enabled.
2024-10-16T10:41:38.549+05:30 ERROR 7020 --- [ElectronicsStore] [main] o.s.boot.SpringApplication               : Application run failed

org.springframework.beans.factory.BeanCreationException: Error creating bean with name 'entityManagerFactory' defined in class path resource [org/springframework/boot/autoconfigure/orm/jpa/HibernateJpaConfiguration.class]: Failed to initialize dependency 'dataSourceScriptDatabaseInitializer' of LoadTimeWeaverAware bean 'entityManagerFactory': Error creating bean with name 'dataSourceScriptDatabaseInitializer' defined in class path resource [org/springframework/boot/autoconfigure/sql/init/DataSourceInitializationConfiguration.class]: Unsatisfied dependency expressed through method 'dataSourceScriptDatabaseInitializer' parameter 0: Error creating bean with name 'dataSource' defined in class path resource [org/springframework/boot/autoconfigure/jdbc/DataSourceConfiguration$Hikari.class]: Failed to instantiate [com.zaxxer.hikari.HikariDataSource]: Factory method 'dataSource' threw exception with message: Failed to load driver class com.mysql.cj.jdbc.Driver in either of HikariConfig class loader or Thread context classloader
	at org.springframework.beans.factory.support.AbstractBeanFactory.doGetBean(AbstractBeanFactory.java:326) ~[spring-beans-6.1.13.jar:6.1.13]
	at org.springframework.beans.factory.support.AbstractBeanFactory.getBean(AbstractBeanFactory.java:205) ~[spring-beans-6.1.13.jar:6.1.13]
	at org.springframework.context.support.AbstractApplicationContext.finishBeanFactoryInitialization(AbstractApplicationContext.java:954) ~[spring-context-6.1.13.jar:6.1.13]
	at org.springframework.context.support.AbstractApplicationContext.refresh(AbstractApplicationContext.java:625) ~[spring-context-6.1.13.jar:6.1.13]
	at org.springframework.boot.web.servlet.context.ServletWebServerApplicationContext.refresh(ServletWebServerApplicationContext.java:146) ~[spring-boot-3.3.4.jar:3.3.4]
	at org.springframework.boot.SpringApplication.refresh(SpringApplication.java:754) ~[spring-boot-3.3.4.jar:3.3.4]
	at org.springframework.boot.SpringApplication.refreshContext(SpringApplication.java:456) ~[spring-boot-3.3.4.jar:3.3.4]
	at org.springframework.boot.SpringApplication.run(SpringApplication.java:335) ~[spring-boot-3.3.4.jar:3.3.4]
	at org.springframework.boot.SpringApplication.run(SpringApplication.java:1363) ~[spring-boot-3.3.4.jar:3.3.4]
	at org.springframework.boot.SpringApplication.run(SpringApplication.java:1352) ~[spring-boot-3.3.4.jar:3.3.4]
	at com.electronics.store.electronocs_Store.ElectronicsStoreApplication.main(ElectronicsStoreApplication.java:10) ~[classes/:na]
Caused by: org.springframework.beans.factory.UnsatisfiedDependencyException: Error creating bean with name 'dataSourceScriptDatabaseInitializer' defined in class path resource [org/springframework/boot/autoconfigure/sql/init/DataSourceInitializationConfiguration.class]: Unsatisfied dependency expressed through method 'dataSourceScriptDatabaseInitializer' parameter 0: Error creating bean with name 'dataSource' defined in class path resource [org/springframework/boot/autoconfigure/jdbc/DataSourceConfiguration$Hikari.class]: Failed to instantiate [com.zaxxer.hikari.HikariDataSource]: Factory method 'dataSource' threw exception with message: Failed to load driver class com.mysql.cj.jdbc.Driver in either of HikariConfig class loader or Thread context classloader
	at org.springframework.beans.factory.support.ConstructorResolver.createArgumentArray(ConstructorResolver.java:795) ~[spring-beans-6.1.13.jar:6.1.13]
	at org.springframework.beans.factory.support.ConstructorResolver.instantiateUsingFactoryMethod(ConstructorResolver.java:542) ~[spring-beans-6.1.13.jar:6.1.13]
	at org.springframework.beans.factory.support.AbstractAutowireCapableBeanFactory.instantiateUsingFactoryMethod(AbstractAutowireCapableBeanFactory.java:1355) ~[spring-beans-6.1.13.jar:6.1.13]
	at org.springframework.beans.factory.support.AbstractAutowireCapableBeanFactory.createBeanInstance(AbstractAutowireCapableBeanFactory.java:1185) ~[spring-beans-6.1.13.jar:6.1.13]
	at org.springframework.beans.factory.support.AbstractAutowireCapableBeanFactory.doCreateBean(AbstractAutowireCapableBeanFactory.java:562) ~[spring-beans-6.1.13.jar:6.1.13]
	at org.springframework.beans.factory.support.AbstractAutowireCapableBeanFactory.createBean(AbstractAutowireCapableBeanFactory.java:522) ~[spring-beans-6.1.13.jar:6.1.13]
	at org.springframework.beans.factory.support.AbstractBeanFactory.lambda$doGetBean$0(AbstractBeanFactory.java:337) ~[spring-beans-6.1.13.jar:6.1.13]
	at org.springframework.beans.factory.support.DefaultSingletonBeanRegistry.getSingleton(DefaultSingletonBeanRegistry.java:234) ~[spring-beans-6.1.13.jar:6.1.13]
	at org.springframework.beans.factory.support.AbstractBeanFactory.doGetBean(AbstractBeanFactory.java:335) ~[spring-beans-6.1.13.jar:6.1.13]
	at org.springframework.beans.factory.support.AbstractBeanFactory.getBean(AbstractBeanFactory.java:200) ~[spring-beans-6.1.13.jar:6.1.13]
	at org.springframework.beans.factory.support.AbstractBeanFactory.doGetBean(AbstractBeanFactory.java:313) ~[spring-beans-6.1.13.jar:6.1.13]
	... 10 common frames omitted
Caused by: org.springframework.beans.factory.BeanCreationException: Error creating bean with name 'dataSource' defined in class path resource [org/springframework/boot/autoconfigure/jdbc/DataSourceConfiguration$Hikari.class]: Failed to instantiate [com.zaxxer.hikari.HikariDataSource]: Factory method 'dataSource' threw exception with message: Failed to load driver class com.mysql.cj.jdbc.Driver in either of HikariConfig class loader or Thread context classloader
	at org.springframework.beans.factory.support.ConstructorResolver.instantiate(ConstructorResolver.java:648) ~[spring-beans-6.1.13.jar:6.1.13]
	at org.springframework.beans.factory.support.ConstructorResolver.instantiateUsingFactoryMethod(ConstructorResolver.java:636) ~[spring-beans-6.1.13.jar:6.1.13]
	at org.springframework.beans.factory.support.AbstractAutowireCapableBeanFactory.instantiateUsingFactoryMethod(AbstractAutowireCapableBeanFactory.java:1355) ~[spring-beans-6.1.13.jar:6.1.13]
	at org.springframework.beans.factory.support.AbstractAutowireCapableBeanFactory.createBeanInstance(AbstractAutowireCapableBeanFactory.java:1185) ~[spring-beans-6.1.13.jar:6.1.13]
	at org.springframework.beans.factory.support.AbstractAutowireCapableBeanFactory.doCreateBean(AbstractAutowireCapableBeanFactory.java:562) ~[spring-beans-6.1.13.jar:6.1.13]
	at org.springframework.beans.factory.support.AbstractAutowireCapableBeanFactory.createBean(AbstractAutowireCapableBeanFactory.java:522) ~[spring-beans-6.1.13.jar:6.1.13]
	at org.springframework.beans.factory.support.AbstractBeanFactory.lambda$doGetBean$0(AbstractBeanFactory.java:337) ~[spring-beans-6.1.13.jar:6.1.13]
	at org.springframework.beans.factory.support.DefaultSingletonBeanRegistry.getSingleton(DefaultSingletonBeanRegistry.java:234) ~[spring-beans-6.1.13.jar:6.1.13]
	at org.springframework.beans.factory.support.AbstractBeanFactory.doGetBean(AbstractBeanFactory.java:335) ~[spring-beans-6.1.13.jar:6.1.13]
	at org.springframework.beans.factory.support.AbstractBeanFactory.getBean(AbstractBeanFactory.java:200) ~[spring-beans-6.1.13.jar:6.1.13]
	at org.springframework.beans.factory.config.DependencyDescriptor.resolveCandidate(DependencyDescriptor.java:254) ~[spring-beans-6.1.13.jar:6.1.13]
	at org.springframework.beans.factory.support.DefaultListableBeanFactory.doResolveDependency(DefaultListableBeanFactory.java:1443) ~[spring-beans-6.1.13.jar:6.1.13]
	at org.springframework.beans.factory.support.DefaultListableBeanFactory.resolveDependency(DefaultListableBeanFactory.java:1353) ~[spring-beans-6.1.13.jar:6.1.13]
	at org.springframework.beans.factory.support.ConstructorResolver.resolveAutowiredArgument(ConstructorResolver.java:904) ~[spring-beans-6.1.13.jar:6.1.13]
	at org.springframework.beans.factory.support.ConstructorResolver.createArgumentArray(ConstructorResolver.java:782) ~[spring-beans-6.1.13.jar:6.1.13]
	... 20 common frames omitted
Caused by: org.springframework.beans.BeanInstantiationException: Failed to instantiate [com.zaxxer.hikari.HikariDataSource]: Factory method 'dataSource' threw exception with message: Failed to load driver class com.mysql.cj.jdbc.Driver in either of HikariConfig class loader or Thread context classloader
	at org.springframework.beans.factory.support.SimpleInstantiationStrategy.instantiate(SimpleInstantiationStrategy.java:178) ~[spring-beans-6.1.13.jar:6.1.13]
	at org.springframework.beans.factory.support.ConstructorResolver.instantiate(ConstructorResolver.java:644) ~[spring-beans-6.1.13.jar:6.1.13]
	... 34 common frames omitted
Caused by: java.lang.RuntimeException: Failed to load driver class com.mysql.cj.jdbc.Driver in either of HikariConfig class loader or Thread context classloader
	at com.zaxxer.hikari.HikariConfig.setDriverClassName(HikariConfig.java:494) ~[HikariCP-5.1.0.jar:na]
	at org.springframework.boot.jdbc.DataSourceBuilder$MappedDataSourceProperty.set(DataSourceBuilder.java:479) ~[spring-boot-3.3.4.jar:3.3.4]
	at org.springframework.boot.jdbc.DataSourceBuilder$MappedDataSourceProperties.set(DataSourceBuilder.java:373) ~[spring-boot-3.3.4.jar:3.3.4]
	at org.springframework.boot.jdbc.DataSourceBuilder.build(DataSourceBuilder.java:183) ~[spring-boot-3.3.4.jar:3.3.4]
	at org.springframework.boot.autoconfigure.jdbc.DataSourceConfiguration.createDataSource(DataSourceConfiguration.java:59) ~[spring-boot-autoconfigure-3.3.4.jar:3.3.4]
	at org.springframework.boot.autoconfigure.jdbc.DataSourceConfiguration$Hikari.dataSource(DataSourceConfiguration.java:117) ~[spring-boot-autoconfigure-3.3.4.jar:3.3.4]
	at java.base/jdk.internal.reflect.NativeMethodAccessorImpl.invoke0(Native Method) ~[na:na]
	at java.base/jdk.internal.reflect.NativeMethodAccessorImpl.invoke(NativeMethodAccessorImpl.java:77) ~[na:na]
	at java.base/jdk.internal.reflect.DelegatingMethodAccessorImpl.invoke(DelegatingMethodAccessorImpl.java:43) ~[na:na]
	at java.base/java.lang.reflect.Method.invoke(Method.java:568) ~[na:na]
	at org.springframework.beans.factory.support.SimpleInstantiationStrategy.instantiate(SimpleInstantiationStrategy.java:146) ~[spring-beans-6.1.13.jar:6.1.13]
	... 35 common frames omitted

2024-10-16T10:44:23.056+05:30  INFO 14344 --- [ElectronicsStore] [main] c.e.s.e.ElectronicsStoreApplication      : Starting ElectronicsStoreApplication using Java 17.0.12 with PID 14344 (C:\workspace\ElectronicsStore\ElectronicsStore\target\classes started by A4 in C:\workspace\ElectronicsStore\ElectronicsStore)
2024-10-16T10:44:23.059+05:30  INFO 14344 --- [ElectronicsStore] [main] c.e.s.e.ElectronicsStoreApplication      : No active profile set, falling back to 1 default profile: "default"
2024-10-16T10:44:23.601+05:30  INFO 14344 --- [ElectronicsStore] [main] .s.d.r.c.RepositoryConfigurationDelegate : Bootstrapping Spring Data JPA repositories in DEFAULT mode.
2024-10-16T10:44:23.619+05:30  INFO 14344 --- [ElectronicsStore] [main] .s.d.r.c.RepositoryConfigurationDelegate : Finished Spring Data repository scanning in 10 ms. Found 0 JPA repository interfaces.
2024-10-16T10:44:24.131+05:30  INFO 14344 --- [ElectronicsStore] [main] o.s.b.w.embedded.tomcat.TomcatWebServer  : Tomcat initialized with port 9091 (http)
2024-10-16T10:44:24.140+05:30  INFO 14344 --- [ElectronicsStore] [main] o.apache.catalina.core.StandardService   : Starting service [Tomcat]
2024-10-16T10:44:24.140+05:30  INFO 14344 --- [ElectronicsStore] [main] o.apache.catalina.core.StandardEngine    : Starting Servlet engine: [Apache Tomcat/10.1.30]
2024-10-16T10:44:24.192+05:30  INFO 14344 --- [ElectronicsStore] [main] o.a.c.c.C.[Tomcat].[localhost].[/]       : Initializing Spring embedded WebApplicationContext
2024-10-16T10:44:24.192+05:30  INFO 14344 --- [ElectronicsStore] [main] w.s.c.ServletWebServerApplicationContext : Root WebApplicationContext: initialization completed in 1087 ms
2024-10-16T10:44:24.446+05:30  INFO 14344 --- [ElectronicsStore] [main] o.hibernate.jpa.internal.util.LogHelper  : HHH000204: Processing PersistenceUnitInfo [name: default]
2024-10-16T10:44:24.529+05:30  INFO 14344 --- [ElectronicsStore] [main] org.hibernate.Version                    : HHH000412: Hibernate ORM core version 6.5.3.Final
2024-10-16T10:44:24.563+05:30  INFO 14344 --- [ElectronicsStore] [main] o.h.c.internal.RegionFactoryInitiator    : HHH000026: Second-level cache disabled
2024-10-16T10:44:24.990+05:30  INFO 14344 --- [ElectronicsStore] [main] o.s.o.j.p.SpringPersistenceUnitInfo      : No LoadTimeWeaver setup: ignoring JPA class transformer
2024-10-16T10:44:25.024+05:30  INFO 14344 --- [ElectronicsStore] [main] com.zaxxer.hikari.HikariDataSource       : HikariPool-1 - Starting...
2024-10-16T10:44:25.341+05:30  INFO 14344 --- [ElectronicsStore] [main] com.zaxxer.hikari.pool.HikariPool        : HikariPool-1 - Added connection com.mysql.cj.jdbc.ConnectionImpl@455f4483
2024-10-16T10:44:25.343+05:30  INFO 14344 --- [ElectronicsStore] [main] com.zaxxer.hikari.HikariDataSource       : HikariPool-1 - Start completed.
2024-10-16T10:44:25.379+05:30  WARN 14344 --- [ElectronicsStore] [main] org.hibernate.orm.deprecation            : HHH90000025: MySQL8Dialect does not need to be specified explicitly using 'hibernate.dialect' (remove the property setting and it will be selected by default)
2024-10-16T10:44:25.380+05:30  WARN 14344 --- [ElectronicsStore] [main] org.hibernate.orm.deprecation            : HHH90000026: MySQL8Dialect has been deprecated; use org.hibernate.dialect.MySQLDialect instead
2024-10-16T10:44:25.650+05:30  INFO 14344 --- [ElectronicsStore] [main] o.h.e.t.j.p.i.JtaPlatformInitiator       : HHH000489: No JTA platform available (set 'hibernate.transaction.jta.platform' to enable JTA platform integration)
2024-10-16T10:44:25.654+05:30  INFO 14344 --- [ElectronicsStore] [main] j.LocalContainerEntityManagerFactoryBean : Initialized JPA EntityManagerFactory for persistence unit 'default'
2024-10-16T10:44:25.699+05:30  WARN 14344 --- [ElectronicsStore] [main] JpaBaseConfiguration$JpaWebConfiguration : spring.jpa.open-in-view is enabled by default. Therefore, database queries may be performed during view rendering. Explicitly configure spring.jpa.open-in-view to disable this warning
2024-10-16T10:44:26.037+05:30  INFO 14344 --- [ElectronicsStore] [main] o.s.b.w.embedded.tomcat.TomcatWebServer  : Tomcat started on port 9091 (http) with context path '/'
2024-10-16T10:44:26.046+05:30  INFO 14344 --- [ElectronicsStore] [main] c.e.s.e.ElectronicsStoreApplication      : Started ElectronicsStoreApplication in 3.375 seconds (process running for 3.715)
2024-10-16T10:45:54.137+05:30  INFO 14344 --- [ElectronicsStore] [SpringApplicationShutdownHook] j.LocalContainerEntityManagerFactoryBean : Closing JPA EntityManagerFactory for persistence unit 'default'
2024-10-16T10:45:54.138+05:30  INFO 14344 --- [ElectronicsStore] [SpringApplicationShutdownHook] com.zaxxer.hikari.HikariDataSource       : HikariPool-1 - Shutdown initiated...
2024-10-16T10:45:54.150+05:30  INFO 14344 --- [ElectronicsStore] [SpringApplicationShutdownHook] com.zaxxer.hikari.HikariDataSource       : HikariPool-1 - Shutdown completed.
2024-10-16T10:46:00.986+05:30  INFO 10772 --- [ElectronicsStore] [main] c.e.s.e.ElectronicsStoreApplication      : Starting ElectronicsStoreApplication using Java 17.0.12 with PID 10772 (C:\workspace\ElectronicsStore\ElectronicsStore\target\classes started by A4 in C:\workspace\ElectronicsStore\ElectronicsStore)
2024-10-16T10:46:00.989+05:30  INFO 10772 --- [ElectronicsStore] [main] c.e.s.e.ElectronicsStoreApplication      : No active profile set, falling back to 1 default profile: "default"
2024-10-16T10:46:01.580+05:30  INFO 10772 --- [ElectronicsStore] [main] .s.d.r.c.RepositoryConfigurationDelegate : Bootstrapping Spring Data JPA repositories in DEFAULT mode.
2024-10-16T10:46:01.599+05:30  INFO 10772 --- [ElectronicsStore] [main] .s.d.r.c.RepositoryConfigurationDelegate : Finished Spring Data repository scanning in 11 ms. Found 0 JPA repository interfaces.
2024-10-16T10:46:02.116+05:30  INFO 10772 --- [ElectronicsStore] [main] o.s.b.w.embedded.tomcat.TomcatWebServer  : Tomcat initialized with port 9091 (http)
2024-10-16T10:46:02.131+05:30  INFO 10772 --- [ElectronicsStore] [main] o.apache.catalina.core.StandardService   : Starting service [Tomcat]
2024-10-16T10:46:02.131+05:30  INFO 10772 --- [ElectronicsStore] [main] o.apache.catalina.core.StandardEngine    : Starting Servlet engine: [Apache Tomcat/10.1.30]
2024-10-16T10:46:02.186+05:30  INFO 10772 --- [ElectronicsStore] [main] o.a.c.c.C.[Tomcat].[localhost].[/]       : Initializing Spring embedded WebApplicationContext
2024-10-16T10:46:02.186+05:30  INFO 10772 --- [ElectronicsStore] [main] w.s.c.ServletWebServerApplicationContext : Root WebApplicationContext: initialization completed in 1150 ms
2024-10-16T10:46:02.345+05:30  INFO 10772 --- [ElectronicsStore] [main] o.hibernate.jpa.internal.util.LogHelper  : HHH000204: Processing PersistenceUnitInfo [name: default]
2024-10-16T10:46:02.400+05:30  INFO 10772 --- [ElectronicsStore] [main] org.hibernate.Version                    : HHH000412: Hibernate ORM core version 6.5.3.Final
2024-10-16T10:46:02.447+05:30  INFO 10772 --- [ElectronicsStore] [main] o.h.c.internal.RegionFactoryInitiator    : HHH000026: Second-level cache disabled
2024-10-16T10:46:02.720+05:30  INFO 10772 --- [ElectronicsStore] [main] o.s.o.j.p.SpringPersistenceUnitInfo      : No LoadTimeWeaver setup: ignoring JPA class transformer
2024-10-16T10:46:02.743+05:30  INFO 10772 --- [ElectronicsStore] [main] com.zaxxer.hikari.HikariDataSource       : HikariPool-1 - Starting...
2024-10-16T10:46:03.021+05:30  INFO 10772 --- [ElectronicsStore] [main] com.zaxxer.hikari.pool.HikariPool        : HikariPool-1 - Added connection com.mysql.cj.jdbc.ConnectionImpl@2037f12b
2024-10-16T10:46:03.024+05:30  INFO 10772 --- [ElectronicsStore] [main] com.zaxxer.hikari.HikariDataSource       : HikariPool-1 - Start completed.
2024-10-16T10:46:03.058+05:30  WARN 10772 --- [ElectronicsStore] [main] org.hibernate.orm.deprecation            : HHH90000025: MySQL8Dialect does not need to be specified explicitly using 'hibernate.dialect' (remove the property setting and it will be selected by default)
2024-10-16T10:46:03.059+05:30  WARN 10772 --- [ElectronicsStore] [main] org.hibernate.orm.deprecation            : HHH90000026: MySQL8Dialect has been deprecated; use org.hibernate.dialect.MySQLDialect instead
2024-10-16T10:46:03.353+05:30  INFO 10772 --- [ElectronicsStore] [main] o.h.e.t.j.p.i.JtaPlatformInitiator       : HHH000489: No JTA platform available (set 'hibernate.transaction.jta.platform' to enable JTA platform integration)
2024-10-16T10:46:03.357+05:30  INFO 10772 --- [ElectronicsStore] [main] j.LocalContainerEntityManagerFactoryBean : Initialized JPA EntityManagerFactory for persistence unit 'default'
2024-10-16T10:46:03.404+05:30  WARN 10772 --- [ElectronicsStore] [main] JpaBaseConfiguration$JpaWebConfiguration : spring.jpa.open-in-view is enabled by default. Therefore, database queries may be performed during view rendering. Explicitly configure spring.jpa.open-in-view to disable this warning
2024-10-16T10:46:03.876+05:30  INFO 10772 --- [ElectronicsStore] [main] o.s.b.w.embedded.tomcat.TomcatWebServer  : Tomcat started on port 9091 (http) with context path '/'
2024-10-16T10:46:03.913+05:30  INFO 10772 --- [ElectronicsStore] [main] c.e.s.e.ElectronicsStoreApplication      : Started ElectronicsStoreApplication in 3.288 seconds (process running for 3.638)
2024-10-16T10:46:11.284+05:30  INFO 10772 --- [ElectronicsStore] [http-nio-9091-exec-3] o.a.c.c.C.[Tomcat].[localhost].[/]       : Initializing Spring DispatcherServlet 'dispatcherServlet'
2024-10-16T10:46:11.285+05:30  INFO 10772 --- [ElectronicsStore] [http-nio-9091-exec-3] o.s.web.servlet.DispatcherServlet        : Initializing Servlet 'dispatcherServlet'
2024-10-16T10:46:11.286+05:30  INFO 10772 --- [ElectronicsStore] [http-nio-9091-exec-3] o.s.web.servlet.DispatcherServlet        : Completed initialization in 0 ms
2024-10-16T10:47:42.059+05:30  INFO 10772 --- [ElectronicsStore] [SpringApplicationShutdownHook] j.LocalContainerEntityManagerFactoryBean : Closing JPA EntityManagerFactory for persistence unit 'default'
2024-10-16T10:47:42.061+05:30  INFO 10772 --- [ElectronicsStore] [SpringApplicationShutdownHook] com.zaxxer.hikari.HikariDataSource       : HikariPool-1 - Shutdown initiated...
2024-10-16T10:47:42.066+05:30  INFO 10772 --- [ElectronicsStore] [SpringApplicationShutdownHook] com.zaxxer.hikari.HikariDataSource       : HikariPool-1 - Shutdown completed.
2024-10-16T15:30:36.233+05:30  INFO 18816 --- [ElectronicsStore] [main] c.e.s.e.ElectronicsStoreApplication      : Starting ElectronicsStoreApplication using Java 17.0.12 with PID 18816 (C:\workspace\ElectronicsStore\ElectronicsStore\target\classes started by A4 in C:\workspace\ElectronicsStore\ElectronicsStore)
2024-10-16T15:30:36.249+05:30  INFO 18816 --- [ElectronicsStore] [main] c.e.s.e.ElectronicsStoreApplication      : No active profile set, falling back to 1 default profile: "default"
2024-10-16T15:30:37.232+05:30  INFO 18816 --- [ElectronicsStore] [main] .s.d.r.c.RepositoryConfigurationDelegate : Bootstrapping Spring Data JPA repositories in DEFAULT mode.
2024-10-16T15:30:37.263+05:30  INFO 18816 --- [ElectronicsStore] [main] .s.d.r.c.RepositoryConfigurationDelegate : Finished Spring Data repository scanning in 13 ms. Found 0 JPA repository interfaces.
2024-10-16T15:30:37.857+05:30  INFO 18816 --- [ElectronicsStore] [main] o.s.b.w.embedded.tomcat.TomcatWebServer  : Tomcat initialized with port 9091 (http)
2024-10-16T15:30:37.904+05:30  INFO 18816 --- [ElectronicsStore] [main] o.apache.catalina.core.StandardService   : Starting service [Tomcat]
2024-10-16T15:30:37.904+05:30  INFO 18816 --- [ElectronicsStore] [main] o.apache.catalina.core.StandardEngine    : Starting Servlet engine: [Apache Tomcat/10.1.30]
2024-10-16T15:30:37.951+05:30  INFO 18816 --- [ElectronicsStore] [main] o.a.c.c.C.[Tomcat].[localhost].[/]       : Initializing Spring embedded WebApplicationContext
2024-10-16T15:30:37.951+05:30  INFO 18816 --- [ElectronicsStore] [main] w.s.c.ServletWebServerApplicationContext : Root WebApplicationContext: initialization completed in 1626 ms
2024-10-16T15:30:38.216+05:30  INFO 18816 --- [ElectronicsStore] [main] o.hibernate.jpa.internal.util.LogHelper  : HHH000204: Processing PersistenceUnitInfo [name: default]
2024-10-16T15:30:38.279+05:30  INFO 18816 --- [ElectronicsStore] [main] org.hibernate.Version                    : HHH000412: Hibernate ORM core version 6.5.3.Final
2024-10-16T15:30:38.310+05:30  INFO 18816 --- [ElectronicsStore] [main] o.h.c.internal.RegionFactoryInitiator    : HHH000026: Second-level cache disabled
2024-10-16T15:30:38.638+05:30  INFO 18816 --- [ElectronicsStore] [main] o.s.o.j.p.SpringPersistenceUnitInfo      : No LoadTimeWeaver setup: ignoring JPA class transformer
2024-10-16T15:30:38.732+05:30  INFO 18816 --- [ElectronicsStore] [main] com.zaxxer.hikari.HikariDataSource       : HikariPool-1 - Starting...
2024-10-16T15:30:39.357+05:30  INFO 18816 --- [ElectronicsStore] [main] com.zaxxer.hikari.pool.HikariPool        : HikariPool-1 - Added connection com.mysql.cj.jdbc.ConnectionImpl@e795a1d
2024-10-16T15:30:39.357+05:30  INFO 18816 --- [ElectronicsStore] [main] com.zaxxer.hikari.HikariDataSource       : HikariPool-1 - Start completed.
2024-10-16T15:30:39.451+05:30  WARN 18816 --- [ElectronicsStore] [main] org.hibernate.orm.deprecation            : HHH90000025: MySQL8Dialect does not need to be specified explicitly using 'hibernate.dialect' (remove the property setting and it will be selected by default)
2024-10-16T15:30:39.451+05:30  WARN 18816 --- [ElectronicsStore] [main] org.hibernate.orm.deprecation            : HHH90000026: MySQL8Dialect has been deprecated; use org.hibernate.dialect.MySQLDialect instead
2024-10-16T15:30:40.172+05:30  INFO 18816 --- [ElectronicsStore] [main] o.h.e.t.j.p.i.JtaPlatformInitiator       : HHH000489: No JTA platform available (set 'hibernate.transaction.jta.platform' to enable JTA platform integration)
2024-10-16T15:30:41.203+05:30  INFO 18816 --- [ElectronicsStore] [main] j.LocalContainerEntityManagerFactoryBean : Initialized JPA EntityManagerFactory for persistence unit 'default'
2024-10-16T15:30:41.343+05:30  WARN 18816 --- [ElectronicsStore] [main] JpaBaseConfiguration$JpaWebConfiguration : spring.jpa.open-in-view is enabled by default. Therefore, database queries may be performed during view rendering. Explicitly configure spring.jpa.open-in-view to disable this warning
2024-10-16T15:30:41.969+05:30  INFO 18816 --- [ElectronicsStore] [main] o.s.b.w.embedded.tomcat.TomcatWebServer  : Tomcat started on port 9091 (http) with context path '/'
2024-10-16T15:30:41.985+05:30  INFO 18816 --- [ElectronicsStore] [main] c.e.s.e.ElectronicsStoreApplication      : Started ElectronicsStoreApplication in 6.55 seconds (process running for 7.269)
2024-10-16T15:34:22.393+05:30  INFO 18816 --- [ElectronicsStore] [SpringApplicationShutdownHook] j.LocalContainerEntityManagerFactoryBean : Closing JPA EntityManagerFactory for persistence unit 'default'
2024-10-16T15:34:22.399+05:30  INFO 18816 --- [ElectronicsStore] [SpringApplicationShutdownHook] com.zaxxer.hikari.HikariDataSource       : HikariPool-1 - Shutdown initiated...
2024-10-16T15:34:22.407+05:30  INFO 18816 --- [ElectronicsStore] [SpringApplicationShutdownHook] com.zaxxer.hikari.HikariDataSource       : HikariPool-1 - Shutdown completed.
